[35m[1mScanning dependencies of target roscpp_generate_messages_py
[35m[1mScanning dependencies of target can_msgs_generate_messages_py
[35m[1mScanning dependencies of target can_msgs_generate_messages_cpp
[0m[0m[0m[35m[1mScanning dependencies of target roscpp_generate_messages_cpp
[0m[  0%] [  0%] Built target can_msgs_generate_messages_py
[  0%] Built target can_msgs_generate_messages_cpp
Built target roscpp_generate_messages_py
[  0%] Built target roscpp_generate_messages_cpp
[35m[1mScanning dependencies of target can_msgs_generate_messages_lisp
[0m[35m[1mScanning dependencies of target std_msgs_generate_messages_cpp
[35m[1mScanning dependencies of target std_msgs_generate_messages_lisp
[0m[0m[  0%] [35m[1mScanning dependencies of target rosgraph_msgs_generate_messages_py
Built target can_msgs_generate_messages_lisp
[0m[  0%] [  0%] Built target std_msgs_generate_messages_lisp
Built target std_msgs_generate_messages_cpp
[  0%] Built target rosgraph_msgs_generate_messages_py
[35m[1mScanning dependencies of target std_msgs_generate_messages_py
[0m[35m[1mScanning dependencies of target rosgraph_msgs_generate_messages_lisp
[35m[1mScanning dependencies of target rosgraph_msgs_generate_messages_cpp
[0m[0m[35m[1mScanning dependencies of target roscpp_generate_messages_lisp
[  0%] [0mBuilt target std_msgs_generate_messages_py
[  0%] Built target rosgraph_msgs_generate_messages_cpp
[  0%] Built target rosgraph_msgs_generate_messages_lisp
[  0%] Built target roscpp_generate_messages_lisp
[35m[1mScanning dependencies of target socketcan_to_topic
[35m[1mScanning dependencies of target topic_to_socketcan
[0m[0m[ 25%] [ 50%] [32mBuilding CXX object CMakeFiles/socketcan_to_topic.dir/src/socketcan_to_topic.cpp.o
[0m[32mBuilding CXX object CMakeFiles/topic_to_socketcan.dir/src/topic_to_socketcan.cpp.o
[0m[31m[1mLinking CXX shared library /home/uwrt/MarsRover2017/Workspace/devel/.private/socketcan_bridge/lib/libsocketcan_to_topic.so
[0m[31m[1mLinking CXX shared library /home/uwrt/MarsRover2017/Workspace/devel/.private/socketcan_bridge/lib/libtopic_to_socketcan.so
[0m[ 50%] Built target socketcan_to_topic
[35m[1mScanning dependencies of target socketcan_to_topic_node
[ 50%] Built target topic_to_socketcan
[0m[35m[1mScanning dependencies of target topic_to_socketcan_node
[ 75%] [0m[32mBuilding CXX object CMakeFiles/socketcan_to_topic_node.dir/src/socketcan_to_topic_node.cpp.o
[0m[100%] [32mBuilding CXX object CMakeFiles/topic_to_socketcan_node.dir/src/topic_to_socketcan_node.cpp.o
[0m[31m[1mLinking CXX executable /home/uwrt/MarsRover2017/Workspace/devel/.private/socketcan_bridge/lib/socketcan_bridge/socketcan_to_topic_node
[0m[31m[1mLinking CXX executable /home/uwrt/MarsRover2017/Workspace/devel/.private/socketcan_bridge/lib/socketcan_bridge/topic_to_socketcan_node
[0m[100%] Built target socketcan_to_topic_node
[100%] Built target topic_to_socketcan_node
